<?xml version="1.0" encoding="UTF-8" ?>
<testsuite tests="0" failures="0" name="core.BaseTest" time="0" errors="0" skipped="0">
  <properties>
    <property name="java.runtime.name" value="OpenJDK Runtime Environment"/>
    <property name="java.vm.version" value="11.0.9.1+1"/>
    <property name="sun.boot.library.path" value="C:\Program Files\AdoptOpenJDK\jdk-11.0.9.101-hotspot\bin"/>
    <property name="maven.multiModuleProjectDirectory" value="C:\Users\e.markov\Desktop\Evelina work\Evelina work\Selenium\Final_Homewort_Evelna_Markova"/>
    <property name="java.vm.vendor" value="AdoptOpenJDK"/>
    <property name="java.vendor.url" value="https://adoptopenjdk.net/"/>
    <property name="guice.disable.misplaced.annotation.check" value="true"/>
    <property name="path.separator" value=";"/>
    <property name="java.vm.name" value="OpenJDK 64-Bit Server VM"/>
    <property name="sun.os.patch.level" value=""/>
    <property name="user.script" value=""/>
    <property name="user.country" value="GB"/>
    <property name="sun.java.launcher" value="SUN_STANDARD"/>
    <property name="java.vm.specification.name" value="Java Virtual Machine Specification"/>
    <property name="user.dir" value="C:\Users\e.markov\Desktop\Evelina work\Evelina work\Selenium\Final_Homewort_Evelna_Markova"/>
    <property name="java.vm.compressedOopsMode" value="32-bit"/>
    <property name="java.runtime.version" value="11.0.9.1+1"/>
    <property name="java.awt.graphicsenv" value="sun.awt.Win32GraphicsEnvironment"/>
    <property name="os.arch" value="amd64"/>
    <property name="java.io.tmpdir" value="C:\Users\E5C30~1.MAR\AppData\Local\Temp\"/>
    <property name="line.separator" value="
"/>
    <property name="java.vm.specification.vendor" value="Oracle Corporation"/>
    <property name="user.variant" value=""/>
    <property name="os.name" value="Windows 10"/>
    <property name="classworlds.conf" value="C:\Program Files\Apache Software Foundation\apache-maven-3.6.3\bin\..\bin\m2.conf"/>
    <property name="sun.jnu.encoding" value="Cp1252"/>
    <property name="java.library.path" value="C:\Program Files\AdoptOpenJDK\jdk-11.0.9.101-hotspot\bin;C:\WINDOWS\Sun\Java\bin;C:\WINDOWS\system32;C:\WINDOWS;&quot;C:\Program Files\AdoptOpenJDK\jdk-11.0.9.101-hotspot\bin;%M2_HOME%\bin&quot;;C:\Program Files (x86)\NVIDIA Corporation\PhysX\Common;C:\Program Files (x86)\Intel\iCLS Client\;C:\Program Files\Intel\iCLS Client\;C:\WINDOWS\system32;C:\WINDOWS;C:\WINDOWS\System32\Wbem;C:\WINDOWS\System32\WindowsPowerShell\v1.0\;C:\Program Files\Intel\Intel(R) Management Engine Components\DAL;C:\Program Files (x86)\Intel\Intel(R) Management Engine Components\DAL;C:\Program Files\Intel\Intel(R) Management Engine Components\IPT;C:\Program Files (x86)\Intel\Intel(R) Management Engine Components\IPT;C:\Program Files\Intel\WiFi\bin\;C:\Program Files\Common Files\Intel\WirelessCommon\;C:\WINDOWS\System32\OpenSSH\;C:\Program Files\Apache Software Foundation\apache-maven-3.6.3\bin;."/>
    <property name="maven.conf" value="C:\Program Files\Apache Software Foundation\apache-maven-3.6.3\bin\../conf"/>
    <property name="jdk.debug" value="release"/>
    <property name="java.class.version" value="55.0"/>
    <property name="java.specification.name" value="Java Platform API Specification"/>
    <property name="sun.management.compiler" value="HotSpot 64-Bit Tiered Compilers"/>
    <property name="os.version" value="10.0"/>
    <property name="library.jansi.path" value="C:\Program Files\Apache Software Foundation\apache-maven-3.6.3\bin\..\lib\jansi-native"/>
    <property name="user.home" value="C:\Users\e.markov"/>
    <property name="user.timezone" value="Europe/Helsinki"/>
    <property name="java.awt.printerjob" value="sun.awt.windows.WPrinterJob"/>
    <property name="file.encoding" value="Cp1252"/>
    <property name="java.specification.version" value="11"/>
    <property name="user.name" value="e.markov"/>
    <property name="java.class.path" value="C:\Program Files\Apache Software Foundation\apache-maven-3.6.3\bin\..\boot\plexus-classworlds-2.6.0.jar"/>
    <property name="java.vm.specification.version" value="11"/>
    <property name="sun.arch.data.model" value="64"/>
    <property name="sun.java.command" value="org.codehaus.plexus.classworlds.launcher.Launcher test"/>
    <property name="java.home" value="C:\Program Files\AdoptOpenJDK\jdk-11.0.9.101-hotspot"/>
    <property name="user.language" value="en"/>
    <property name="java.specification.vendor" value="Oracle Corporation"/>
    <property name="awt.toolkit" value="sun.awt.windows.WToolkit"/>
    <property name="java.vm.info" value="mixed mode"/>
    <property name="java.version" value="11.0.9.1"/>
    <property name="java.vendor" value="AdoptOpenJDK"/>
    <property name="sun.stderr.encoding" value="cp850"/>
    <property name="maven.home" value="C:\Program Files\Apache Software Foundation\apache-maven-3.6.3\bin\.."/>
    <property name="file.separator" value="\"/>
    <property name="java.version.date" value="2020-11-04"/>
    <property name="java.vendor.url.bug" value="https://github.com/AdoptOpenJDK/openjdk-support/issues"/>
    <property name="sun.io.unicode.encoding" value="UnicodeLittle"/>
    <property name="sun.cpu.endian" value="little"/>
    <property name="java.vendor.version" value="AdoptOpenJDK"/>
    <property name="sun.stdout.encoding" value="cp850"/>
    <property name="sun.desktop" value="windows"/>
    <property name="sun.cpu.isalist" value="amd64"/>
  </properties>
</testsuite>